<?xml version="1.0" encoding="UTF-8"?>
<!-- Generated by org.testng.reporters.JUnitReportReporter -->
<testsuite skipped="0" hostname="INPF0XSMEZ" name="log4j.logtest" tests="1" failures="0" timestamp="07 May 2019 07:30:30 GMT" time="2.840" errors="0">
  <testcase name="testcase1" time="2.840" classname="log4j.logtest"/>
</testsuite> <!-- log4j.logtest -->
